
Printing Pre Order 
15-->10-->8-->9-->11-->20-->17-->21-->22-->23-->24-->25-->26-->
-----------------------------------------------
Printing Post Order 
10-->8-->9-->11-->20-->17-->21-->22-->23-->24-->25-->26-->15-->
-----------------------------------------------
Printing In Order 
8-->9-->10-->11-->15-->17-->20-->21-->22-->23-->24-->25-->26-->
-----------------------------------------------



Searching 30: false

Searching 8: true

Searching 10: true
-------------------------------------------
Printing Pre Order with Stack 
15-->10-->8-->9-->11-->20-->17-->21-->22-->23-->24-->25-->26-->
-----------------------------------------------
Printing level by level BreathFirst Traversal 
15-->10-->20-->8-->11-->17-->21-->9-->22-->23-->24-->25-->26-->
-----------------------------------------------

Max is 8
Min is 3
Num of Nodes is 13
-----------------------------------------------
Printing In Order the copy of the tree
8-->9-->10-->11-->15-->17-->20-->21-->22-->23-->24-->25-->26-->
-----------------------------------------------
